Using pre-set license
Built from '2022.3/staging' branch; Version is '2022.3.13f1 (5f90a5ebde0f) revision 6262949'; Using compiler version '192829333'; Build Type 'Release'
OS: 'Windows 10  (10.0.19045) 64bit Core' Language: 'de' Physical Memory: 32604 MB
BatchMode: 1, IsHumanControllingUs: 0, StartBugReporterOnCrash: 0, Is64bit: 1, IsPro: 1

COMMAND LINE ARGUMENTS:
C:\Program Files\Unity\Hub\Editor\2022.3.13f1\Editor\Unity.exe
-adb2
-batchMode
-noUpm
-name
AssetImportWorker3
-projectPath
D:/FH/Wahlfachprojekt2/Wahlfachprojekt-InnTeresting-main
-logFile
Logs/AssetImportWorker3.log
-srvPort
65082
Successfully changed project path to: D:/FH/Wahlfachprojekt2/Wahlfachprojekt-InnTeresting-main
D:/FH/Wahlfachprojekt2/Wahlfachprojekt-InnTeresting-main
[UnityMemory] Configuration Parameters - Can be set up in boot.config
    "memorysetup-bucket-allocator-granularity=16"
    "memorysetup-bucket-allocator-bucket-count=8"
    "memorysetup-bucket-allocator-block-size=33554432"
    "memorysetup-bucket-allocator-block-count=8"
    "memorysetup-main-allocator-block-size=16777216"
    "memorysetup-thread-allocator-block-size=16777216"
    "memorysetup-gfx-main-allocator-block-size=16777216"
    "memorysetup-gfx-thread-allocator-block-size=16777216"
    "memorysetup-cache-allocator-block-size=4194304"
    "memorysetup-typetree-allocator-block-size=2097152"
    "memorysetup-profiler-bucket-allocator-granularity=16"
    "memorysetup-profiler-bucket-allocator-bucket-count=8"
    "memorysetup-profiler-bucket-allocator-block-size=33554432"
    "memorysetup-profiler-bucket-allocator-block-count=8"
    "memorysetup-profiler-allocator-block-size=16777216"
    "memorysetup-profiler-editor-allocator-block-size=1048576"
    "memorysetup-temp-allocator-size-main=16777216"
    "memorysetup-job-temp-allocator-block-size=2097152"
    "memorysetup-job-temp-allocator-block-size-background=1048576"
    "memorysetup-job-temp-allocator-reduction-small-platforms=262144"
    "memorysetup-allocator-temp-initial-block-size-main=262144"
    "memorysetup-allocator-temp-initial-block-size-worker=262144"
    "memorysetup-temp-allocator-size-background-worker=32768"
    "memorysetup-temp-allocator-size-job-worker=262144"
    "memorysetup-temp-allocator-size-preload-manager=33554432"
    "memorysetup-temp-allocator-size-nav-mesh-worker=65536"
    "memorysetup-temp-allocator-size-audio-worker=65536"
    "memorysetup-temp-allocator-size-cloud-worker=32768"
    "memorysetup-temp-allocator-size-gi-baking-worker=262144"
    "memorysetup-temp-allocator-size-gfx=262144"
Player connection [10736] Host "[IP] 10.0.0.16 [Port] 0 [Flags] 2 [Guid] 455744606 [EditorId] 455744606 [Version] 1048832 [Id] WindowsEditor(7,DESKTOP-Q3M6EGV) [Debug] 1 [PackageName] WindowsEditor [ProjectName] Editor" joined multi-casting on [225.0.0.222:54997]...

Player connection [10736] Host "[IP] 10.0.0.16 [Port] 0 [Flags] 2 [Guid] 455744606 [EditorId] 455744606 [Version] 1048832 [Id] WindowsEditor(7,DESKTOP-Q3M6EGV) [Debug] 1 [PackageName] WindowsEditor [ProjectName] Editor" joined alternative multi-casting on [225.0.0.222:34997]...

[Physics::Module] Initialized MultithreadedJobDispatcher with 11 workers.
Refreshing native plugins compatible for Editor in 21.07 ms, found 11 plugins.
Preloading 1 native plugins for Editor in 0.74 ms.
Initialize engine version: 2022.3.13f1 (5f90a5ebde0f)
[Subsystems] Discovering subsystems at path C:/Program Files/Unity/Hub/Editor/2022.3.13f1/Editor/Data/Resources/UnitySubsystems
[Subsystems] Discovering subsystems at path D:/FH/Wahlfachprojekt2/Wahlfachprojekt-InnTeresting-main/Assets
GfxDevice: creating device client; threaded=0; jobified=0
Direct3D:
    Version:  Direct3D 11.0 [level 11.1]
    Renderer: NVIDIA GeForce RTX 3060 (ID=0x2504)
    Vendor:   NVIDIA
    VRAM:     12129 MB
    Driver:   31.0.15.4617
Initialize mono
Mono path[0] = 'C:/Program Files/Unity/Hub/Editor/2022.3.13f1/Editor/Data/Managed'
Mono path[1] = 'C:/Program Files/Unity/Hub/Editor/2022.3.13f1/Editor/Data/MonoBleedingEdge/lib/mono/unityjit-win32'
Mono config path = 'C:/Program Files/Unity/Hub/Editor/2022.3.13f1/Editor/Data/MonoBleedingEdge/etc'
Using monoOptions --debugger-agent=transport=dt_socket,embedding=1,server=y,suspend=n,address=127.0.0.1:56488
Begin MonoManager ReloadAssembly
Registering precompiled unity dll's ...
Register platform support module: C:/Program Files/Unity/Hub/Editor/2022.3.13f1/Editor/Data/PlaybackEngines/WebGLSupport/UnityEditor.WebGL.Extensions.dll
Register platform support module: C:/Program Files/Unity/Hub/Editor/2022.3.13f1/Editor/Data/PlaybackEngines/MacStandaloneSupport/UnityEditor.OSXStandalone.Extensions.dll
Register platform support module: C:/Program Files/Unity/Hub/Editor/2022.3.13f1/Editor/Data/PlaybackEngines/AndroidPlayer/UnityEditor.Android.Extensions.dll
Register platform support module: C:/Program Files/Unity/Hub/Editor/2022.3.13f1/Editor/Data/PlaybackEngines/iOSSupport/UnityEditor.iOS.Extensions.dll
Register platform support module: C:/Program Files/Unity/Hub/Editor/2022.3.13f1/Editor/Data/PlaybackEngines/AppleTVSupport/UnityEditor.AppleTV.Extensions.dll
Register platform support module: C:/Program Files/Unity/Hub/Editor/2022.3.13f1/Editor/Data/PlaybackEngines/WindowsStandaloneSupport/UnityEditor.WindowsStandalone.Extensions.dll
Register platform support module: C:/Program Files/Unity/Hub/Editor/2022.3.13f1/Editor/Data/PlaybackEngines/LinuxStandaloneSupport/UnityEditor.LinuxStandalone.Extensions.dll
Register platform support module: C:/Program Files/Unity/Hub/Editor/2022.3.13f1/Editor/Data/PlaybackEngines/MetroSupport/UnityEditor.UWP.Extensions.dll
Registered in 0.019498 seconds.
- Loaded All Assemblies, in  0.301 seconds
Native extension for UWP target not found
Native extension for LinuxStandalone target not found
Native extension for WindowsStandalone target not found
[usbmuxd] Start listen thread
[usbmuxd] Listen thread started
Native extension for AppleTV target not found
[usbmuxd] Start listen thread
[usbmuxd] Listen thread started
Native extension for iOS target not found
Native extension for Android target not found
Android Extension - Scanning For ADB Devices 302 ms
Native extension for OSXStandalone target not found
Native extension for WebGL target not found
Mono: successfully reloaded assembly
- Finished resetting the current domain, in  0.564 seconds
Domain Reload Profiling: 863ms
	BeginReloadAssembly (93ms)
		ExecutionOrderSort (0ms)
		DisableScriptedObjects (0ms)
		BackupInstance (0ms)
		ReleaseScriptingObjects (0ms)
		CreateAndSetChildDomain (1ms)
	RebuildCommonClasses (25ms)
	RebuildNativeTypeToScriptingClass (8ms)
	initialDomainReloadingComplete (61ms)
	LoadAllAssembliesAndSetupDomain (112ms)
		LoadAssemblies (91ms)
		RebuildTransferFunctionScriptingTraits (0ms)
		AnalyzeDomain (109ms)
			TypeCache.Refresh (108ms)
				TypeCache.ScanAssembly (98ms)
			ScanForSourceGeneratedMonoScriptInfo (0ms)
			ResolveRequiredComponents (0ms)
	FinalizeReload (564ms)
		ReleaseScriptCaches (0ms)
		RebuildScriptCaches (0ms)
		SetupLoadedEditorAssemblies (523ms)
			LogAssemblyErrors (0ms)
			InitializePlatformSupportModulesInManaged (421ms)
			SetLoadedEditorAssemblies (3ms)
			RefreshPlugins (0ms)
			BeforeProcessingInitializeOnLoad (2ms)
			ProcessInitializeOnLoadAttributes (67ms)
			ProcessInitializeOnLoadMethodAttributes (31ms)
			AfterProcessingInitializeOnLoad (0ms)
			EditorAssembliesLoaded (0ms)
		ExecutionOrderSort2 (0ms)
		AwakeInstancesAfterBackupRestoration (0ms)
========================================================================
Worker process is ready to serve import requests
Begin MonoManager ReloadAssembly
- Loaded All Assemblies, in  0.512 seconds
Refreshing native plugins compatible for Editor in 6.50 ms, found 11 plugins.
Native extension for UWP target not found
Native extension for LinuxStandalone target not found
Native extension for WindowsStandalone target not found
Native extension for AppleTV target not found
Native extension for iOS target not found
Native extension for Android target not found
Native extension for OSXStandalone target not found
Native extension for WebGL target not found
Package Manager log level set to [2]
[Package Manager] Server::EnsureServerProcessIsRunning -- launch failed, reason: Unity was launched with the -noUpm command-line argument
[Package Manager] UpmClient::Send -- Unable to send message (not connected to UPM process).
[Package Manager] Cannot connect to Unity Package Manager local server
[Package Manager] Server::EnsureServerProcessIsRunning -- launch failed, reason: Unity was launched with the -noUpm command-line argument
[Package Manager] UpmClient::Send -- Unable to send message (not connected to UPM process).
[Package Manager] Cannot connect to Unity Package Manager local server
System.Reflection.TargetInvocationException: Exception has been thrown by the target of an invocation. ---> System.NullReferenceException: Object reference not set to an instance of an object
  at Unity.XR.Oculus.OculusLoader.AssetPathToAbsolutePath (System.String assetPath) [0x0003d] in .\Library\PackageCache\com.unity.xr.oculus@4.1.1\Runtime\OculusLoader.cs:287 
  at Unity.XR.Oculus.OculusLoader.EditorLoadOVRPlugin () [0x00084] in .\Library\PackageCache\com.unity.xr.oculus@4.1.1\Runtime\OculusLoader.cs:272 
  at (wrapper managed-to-native) System.Reflection.RuntimeMethodInfo.InternalInvoke(System.Reflection.RuntimeMethodInfo,object,object[],System.Exception&)
  at System.Reflection.RuntimeMethodInfo.Invoke (System.Object obj, System.Reflection.BindingFlags invokeAttr, System.Reflection.Binder binder, System.Object[] parameters, System.Globalization.CultureInfo culture) [0x0006a] in <834b2ded5dad441e8c7a4287897d63c7>:0 
   --- End of inner exception stack trace ---
  at System.Reflection.RuntimeMethodInfo.Invoke (System.Object obj, System.Reflection.BindingFlags invokeAttr, System.Reflection.Binder binder, System.Object[] parameters, System.Globalization.CultureInfo culture) [0x00083] in <834b2ded5dad441e8c7a4287897d63c7>:0 
  at System.Reflection.MethodBase.Invoke (System.Object obj, System.Object[] parameters) [0x00000] in <834b2ded5dad441e8c7a4287897d63c7>:0 
  at UnityEditor.EditorAssemblies.ProcessInitializeOnLoadMethodAttributes () [0x000a5] in <7aeb7d7a52d04045b8a1c734633fa931>:0 
UnityEngine.StackTraceUtility:ExtractStackTrace ()
UnityEngine.DebugLogHandler:LogFormat (UnityEngine.LogType,UnityEngine.Object,string,object[])
UnityEngine.Logger:Log (UnityEngine.LogType,object)
UnityEngine.Debug:LogError (object)
UnityEditor.EditorAssemblies:ProcessInitializeOnLoadMethodAttributes ()

Mono: successfully reloaded assembly
[Package Manager] Server::EnsureServerProcessIsRunning -- launch failed, reason: Unity was launched with the -noUpm command-line argument
[Package Manager] UpmClient::Send -- Unable to send message (not connected to UPM process).
[Package Manager] Cannot connect to Unity Package Manager local server
[Package Manager] Server::EnsureServerProcessIsRunning -- launch failed, reason: Unity was launched with the -noUpm command-line argument
[Package Manager] UpmClient::Send -- Unable to send message (not connected to UPM process).
[Package Manager] Cannot connect to Unity Package Manager local server
- Finished resetting the current domain, in  0.577 seconds
Domain Reload Profiling: 1087ms
	BeginReloadAssembly (124ms)
		ExecutionOrderSort (0ms)
		DisableScriptedObjects (5ms)
		BackupInstance (0ms)
		ReleaseScriptingObjects (0ms)
		CreateAndSetChildDomain (15ms)
	RebuildCommonClasses (24ms)
	RebuildNativeTypeToScriptingClass (7ms)
	initialDomainReloadingComplete (32ms)
	LoadAllAssembliesAndSetupDomain (322ms)
		LoadAssemblies (269ms)
		RebuildTransferFunctionScriptingTraits (0ms)
		AnalyzeDomain (129ms)
			TypeCache.Refresh (104ms)
				TypeCache.ScanAssembly (91ms)
			ScanForSourceGeneratedMonoScriptInfo (16ms)
			ResolveRequiredComponents (8ms)
	FinalizeReload (577ms)
		ReleaseScriptCaches (0ms)
		RebuildScriptCaches (0ms)
		SetupLoadedEditorAssemblies (446ms)
			LogAssemblyErrors (0ms)
			InitializePlatformSupportModulesInManaged (41ms)
			SetLoadedEditorAssemblies (4ms)
			RefreshPlugins (0ms)
			BeforeProcessingInitializeOnLoad (56ms)
			ProcessInitializeOnLoadAttributes (257ms)
			ProcessInitializeOnLoadMethodAttributes (80ms)
			AfterProcessingInitializeOnLoad (8ms)
			EditorAssembliesLoaded (0ms)
		ExecutionOrderSort2 (0ms)
		AwakeInstancesAfterBackupRestoration (4ms)
Launched and connected shader compiler UnityShaderCompiler.exe after 0.06 seconds
Refreshing native plugins compatible for Editor in 6.24 ms, found 11 plugins.
Preloading 1 native plugins for Editor in 0.03 ms.
Unloading 4596 Unused Serialized files (Serialized files now loaded: 0)
Unloading 103 unused Assets / (368.3 KB). Loaded Objects now: 5083.
Memory consumption went from 204.9 MB to 204.5 MB.
Total: 2.618200 ms (FindLiveObjects: 0.214300 ms CreateObjectMapping: 0.107100 ms MarkObjects: 2.115300 ms  DeleteObjects: 0.180200 ms)

AssetImportParameters requested are different than current active one (requested -> active):
  custom:container-demuxer-ogg: 62fdf1f143b41e24485cea50d1cbac27 -> 
  custom:video-decoder-ogg-theora: a1e56fd34408186e4bbccfd4996cb3dc -> 
  custom:framework-win-MediaFoundation: 216162199b28c13a410421893ffa2e32 -> 
  custom:CustomObjectIndexerAttribute: a3ef5dd2817f97addfee359851a9dba5 -> 
  custom:container-demuxer-webm: 4f35f7cbe854078d1ac9338744f61a02 -> 
  custom:container-muxer-webm: aa71ff27fc2769a1b78a27578f13a17b -> 
  custom:video-decoder-webm-vp8: 9c59270c3fd7afecdb556c50c9e8de78 -> 
  custom:SearchIndexIgnoredProperties: e643bd26f0fe6173181afceb89e7c659 -> 
  custom:AudioImporter_EditorPlatform: d09bf68614088b80899f8185d706f6e7 -> 
  custom:video-encoder-webm-vp8: eb34c28f22e8b96e1ab97ce403110664 -> 
  custom:audio-decoder-ogg-vorbis: bf7c407c2cedff20999df2af8eb42d56 -> 
  custom:audio-encoder-webm-vorbis: bf7c407c2cedff20999df2af8eb42d56 -> 
========================================================================
Received Import Request.
  Time since last request: 420722.866354 seconds.
  path: Assets/_Course Library/Models/Art_Painting_3.fbx
  artifactKey: Guid(2b2238b54f5ddf94f80c61ab243c13c3) Importer(815301076,1909f56bfc062723c751e8b465ee728b)
Start importing Assets/_Course Library/Models/Art_Painting_3.fbx using Guid(2b2238b54f5ddf94f80c61ab243c13c3) Importer(815301076,1909f56bfc062723c751e8b465ee728b)  -> (artifact id: '6be5ccc7989bb67d66d51496edbd94f9') in 0.395454 seconds
Number of updated asset objects reloaded before import = 0
Number of asset objects unloaded after import = 9
========================================================================
Received Import Request.
  Time since last request: 0.644989 seconds.
  path: Assets/_Course Library/_Prefabs/Rugs/Rug_Rect_Gray.prefab
  artifactKey: Guid(4fedbc191226c1146a147611e5fc67ac) Importer(815301076,1909f56bfc062723c751e8b465ee728b)
Start importing Assets/_Course Library/_Prefabs/Rugs/Rug_Rect_Gray.prefab using Guid(4fedbc191226c1146a147611e5fc67ac) Importer(815301076,1909f56bfc062723c751e8b465ee728b)  -> (artifact id: '57510e803adc01f7b05deeee22dfb282') in 0.017509 seconds
Number of updated asset objects reloaded before import = 0
Number of asset objects unloaded after import = 11
========================================================================
Received Import Request.
  Time since last request: 0.000020 seconds.
  path: Assets/_Course Library/_Prefabs/Objects/Speakers/Speaker_RecordPlayer_Gray.prefab
  artifactKey: Guid(210506ff450b7c448922566ff5280b49) Importer(815301076,1909f56bfc062723c751e8b465ee728b)
Start importing Assets/_Course Library/_Prefabs/Objects/Speakers/Speaker_RecordPlayer_Gray.prefab using Guid(210506ff450b7c448922566ff5280b49) Importer(815301076,1909f56bfc062723c751e8b465ee728b)  -> (artifact id: 'bb6c9bd11ab42455b4f975a46e3ac66b') in 0.015375 seconds
Number of updated asset objects reloaded before import = 0
Number of asset objects unloaded after import = 47
========================================================================
Received Import Request.
  Time since last request: 0.000018 seconds.
  path: Assets/_Course Library/Models/Speaker_RecordPlayer_B.fbx
  artifactKey: Guid(7f86208f05f1899429837e10e0907ff8) Importer(815301076,1909f56bfc062723c751e8b465ee728b)
Start importing Assets/_Course Library/Models/Speaker_RecordPlayer_B.fbx using Guid(7f86208f05f1899429837e10e0907ff8) Importer(815301076,1909f56bfc062723c751e8b465ee728b)  -> (artifact id: '2fd6640fdeb6af6b428c12d3ac2d9d62') in 0.053241 seconds
Number of updated asset objects reloaded before import = 0
Number of asset objects unloaded after import = 31
========================================================================
Received Import Request.
  Time since last request: 108.803191 seconds.
  path: Assets/_Course Library/_Prefabs/Rugs/Rug_Oval_Purple.prefab
  artifactKey: Guid(2a0989c512f34104c9d5ca8e832c0b21) Importer(815301076,1909f56bfc062723c751e8b465ee728b)
Start importing Assets/_Course Library/_Prefabs/Rugs/Rug_Oval_Purple.prefab using Guid(2a0989c512f34104c9d5ca8e832c0b21) Importer(815301076,1909f56bfc062723c751e8b465ee728b)  -> (artifact id: 'e56cdae6630c368f66f6ce8741cdcad6') in 0.020110 seconds
Number of updated asset objects reloaded before import = 0
Number of asset objects unloaded after import = 17
========================================================================
Received Import Request.
  Time since last request: 0.000021 seconds.
  path: Assets/_Course Library/_Prefabs/Storage/Shelving_Modern_Gray.prefab
  artifactKey: Guid(9cba3f19103249f49a089c693f633e19) Importer(815301076,1909f56bfc062723c751e8b465ee728b)
Start importing Assets/_Course Library/_Prefabs/Storage/Shelving_Modern_Gray.prefab using Guid(9cba3f19103249f49a089c693f633e19) Importer(815301076,1909f56bfc062723c751e8b465ee728b)  -> (artifact id: '442d0b82f354db3b41ef839fff14860e') in 0.010716 seconds
Number of updated asset objects reloaded before import = 0
Number of asset objects unloaded after import = 22
========================================================================
Received Import Request.
  Time since last request: 0.000022 seconds.
  path: Assets/_Course Library/_Prefabs/Lighting/Sconce_Candle.prefab
  artifactKey: Guid(f27745cf1181bd3448644af0f3dec7f4) Importer(815301076,1909f56bfc062723c751e8b465ee728b)
Start importing Assets/_Course Library/_Prefabs/Lighting/Sconce_Candle.prefab using Guid(f27745cf1181bd3448644af0f3dec7f4) Importer(815301076,1909f56bfc062723c751e8b465ee728b)  -> (artifact id: '3df5596e2ceba7acdcde2474f8047cd6') in 0.013003 seconds
Number of updated asset objects reloaded before import = 0
Number of asset objects unloaded after import = 20
========================================================================
Received Import Request.
  Time since last request: 0.000035 seconds.
  path: Assets/_Course Library/Models/Shelving_Modern_B.fbx
  artifactKey: Guid(e72b5c9bb3c86124c9bdf9f506645054) Importer(815301076,1909f56bfc062723c751e8b465ee728b)
Start importing Assets/_Course Library/Models/Shelving_Modern_B.fbx using Guid(e72b5c9bb3c86124c9bdf9f506645054) Importer(815301076,1909f56bfc062723c751e8b465ee728b)  -> (artifact id: '83d51b03fa2db1ef0727b0bec873d517') in 0.012054 seconds
Number of updated asset objects reloaded before import = 0
Number of asset objects unloaded after import = 9
========================================================================
Received Import Request.
  Time since last request: 1.491342 seconds.
  path: Assets/_Course Library/Models/Shelving_Traditional.fbx
  artifactKey: Guid(0d4d732aba5e45641b2ae52d0ea88dfe) Importer(815301076,1909f56bfc062723c751e8b465ee728b)
Start importing Assets/_Course Library/Models/Shelving_Traditional.fbx using Guid(0d4d732aba5e45641b2ae52d0ea88dfe) Importer(815301076,1909f56bfc062723c751e8b465ee728b)  -> (artifact id: '03c407c0323ce142ed9687ec473b7ead') in 0.020684 seconds
Number of updated asset objects reloaded before import = 0
Number of asset objects unloaded after import = 9
========================================================================
Received Import Request.
  Time since last request: 0.044315 seconds.
  path: Assets/_Course Library/Models/Backgrounds/SkyscrapersPlane.fbx
  artifactKey: Guid(a210a7dd9455e17488bd0c3533fb3d83) Importer(815301076,1909f56bfc062723c751e8b465ee728b)
Start importing Assets/_Course Library/Models/Backgrounds/SkyscrapersPlane.fbx using Guid(a210a7dd9455e17488bd0c3533fb3d83) Importer(815301076,1909f56bfc062723c751e8b465ee728b)  -> (artifact id: '20da53afd2720378239624096272a371') in 0.017447 seconds
Number of updated asset objects reloaded before import = 0
Number of asset objects unloaded after import = 9
========================================================================
Received Import Request.
  Time since last request: 0.462518 seconds.
  path: Assets/_Course Library/Models/Speaker_Boombox.fbx
  artifactKey: Guid(b0befbd5b40c17d4c90a8db749239bb1) Importer(815301076,1909f56bfc062723c751e8b465ee728b)
Start importing Assets/_Course Library/Models/Speaker_Boombox.fbx using Guid(b0befbd5b40c17d4c90a8db749239bb1) Importer(815301076,1909f56bfc062723c751e8b465ee728b)  -> (artifact id: '9dc7370d35011c798344a0935d6f850c') in 0.027994 seconds
Number of updated asset objects reloaded before import = 0
Number of asset objects unloaded after import = 14
========================================================================
Received Import Request.
  Time since last request: 0.401173 seconds.
  path: Assets/_Course Library/_Prefabs/Objects/Speakers/Speaker_Modern.prefab
  artifactKey: Guid(514f67743caf97444b25c61779fd9ecd) Importer(815301076,1909f56bfc062723c751e8b465ee728b)
Start importing Assets/_Course Library/_Prefabs/Objects/Speakers/Speaker_Modern.prefab using Guid(514f67743caf97444b25c61779fd9ecd) Importer(815301076,1909f56bfc062723c751e8b465ee728b)  -> (artifact id: 'a277a12a6c562f9233a370e6450b0b74') in 0.014311 seconds
Number of updated asset objects reloaded before import = 0
Number of asset objects unloaded after import = 11
========================================================================
Received Import Request.
  Time since last request: 0.476406 seconds.
  path: Assets/_Course Library/_Prefabs/Objects/Speakers/Speaker_RecordPlayer_Record_Red.prefab
  artifactKey: Guid(1af25b8b5da9b46a08e6afc037ce95de) Importer(815301076,1909f56bfc062723c751e8b465ee728b)
Start importing Assets/_Course Library/_Prefabs/Objects/Speakers/Speaker_RecordPlayer_Record_Red.prefab using Guid(1af25b8b5da9b46a08e6afc037ce95de) Importer(815301076,1909f56bfc062723c751e8b465ee728b)  -> (artifact id: '9e90e697f6e8e6d3e4f5cedc9931eada') in 0.011416 seconds
Number of updated asset objects reloaded before import = 0
Number of asset objects unloaded after import = 11
========================================================================
Received Import Request.
  Time since last request: 0.036990 seconds.
  path: Assets/Challenges/01_Architecture/Prefabs/Sphere_Hand.prefab
  artifactKey: Guid(546d1b0e50a7644d59868e86e9b04458) Importer(815301076,1909f56bfc062723c751e8b465ee728b)
Start importing Assets/Challenges/01_Architecture/Prefabs/Sphere_Hand.prefab using Guid(546d1b0e50a7644d59868e86e9b04458) Importer(815301076,1909f56bfc062723c751e8b465ee728b)  -> (artifact id: '67f29476e3d32486d98fbd35b433117f') in 0.013709 seconds
Number of updated asset objects reloaded before import = 0
Number of asset objects unloaded after import = 10
========================================================================
Received Import Request.
  Time since last request: 0.043140 seconds.
  path: Assets/_Course Library/Models/Sports_Cricket_Bat_B.fbx
  artifactKey: Guid(163336123a8366e468095f7c5efe0a33) Importer(815301076,1909f56bfc062723c751e8b465ee728b)
Start importing Assets/_Course Library/Models/Sports_Cricket_Bat_B.fbx using Guid(163336123a8366e468095f7c5efe0a33) Importer(815301076,1909f56bfc062723c751e8b465ee728b)  -> (artifact id: '59e5957ad572b4384d91bad3e6f69b88') in 0.021057 seconds
Number of updated asset objects reloaded before import = 0
Number of asset objects unloaded after import = 9
========================================================================
Received Import Request.
  Time since last request: 0.047230 seconds.
  path: Assets/_Course Library/Models/Sports_PingPongPaddle_B.fbx
  artifactKey: Guid(cf103f895044209449eef2a9878fdb80) Importer(815301076,1909f56bfc062723c751e8b465ee728b)
Start importing Assets/_Course Library/Models/Sports_PingPongPaddle_B.fbx using Guid(cf103f895044209449eef2a9878fdb80) Importer(815301076,1909f56bfc062723c751e8b465ee728b)  -> (artifact id: '8d7444a0a1632b2cd152ad3bf717551a') in 0.016924 seconds
Number of updated asset objects reloaded before import = 0
Number of asset objects unloaded after import = 9
========================================================================
Received Import Request.
  Time since last request: 0.288566 seconds.
  path: Assets/_Course Library/Models/Sports_TennisRacket_B.fbx
  artifactKey: Guid(86ebb47e575661946a469999ad83c0c9) Importer(815301076,1909f56bfc062723c751e8b465ee728b)
Start importing Assets/_Course Library/Models/Sports_TennisRacket_B.fbx using Guid(86ebb47e575661946a469999ad83c0c9) Importer(815301076,1909f56bfc062723c751e8b465ee728b)  -> (artifact id: '67b1114814c2e0cb0f54cbb74f2f1eb7') in 0.021788 seconds
Number of updated asset objects reloaded before import = 0
Number of asset objects unloaded after import = 9
========================================================================
Received Import Request.
  Time since last request: 0.000019 seconds.
  path: Assets/_Course Library/Models/Table_Coffee_Modern.fbx
  artifactKey: Guid(197b76a1c017ec5478889d7d3e3393bd) Importer(815301076,1909f56bfc062723c751e8b465ee728b)
Start importing Assets/_Course Library/Models/Table_Coffee_Modern.fbx using Guid(197b76a1c017ec5478889d7d3e3393bd) Importer(815301076,1909f56bfc062723c751e8b465ee728b)  -> (artifact id: 'da728dc5fddd486d25f1ff8d404e8c19') in 0.021490 seconds
Number of updated asset objects reloaded before import = 0
Number of asset objects unloaded after import = 9
========================================================================
Received Import Request.
  Time since last request: 0.053947 seconds.
  path: Assets/_Course Library/Models/Table_Coffee_Traditional.fbx
  artifactKey: Guid(816f02e84cfc7ac418847b8e5396a9c3) Importer(815301076,1909f56bfc062723c751e8b465ee728b)
Start importing Assets/_Course Library/Models/Table_Coffee_Traditional.fbx using Guid(816f02e84cfc7ac418847b8e5396a9c3) Importer(815301076,1909f56bfc062723c751e8b465ee728b)  -> (artifact id: 'f8764481fcc880968f3eef4dc1a57e47') in 0.018118 seconds
Number of updated asset objects reloaded before import = 0
Number of asset objects unloaded after import = 9
========================================================================
Received Import Request.
  Time since last request: 0.747387 seconds.
  path: Assets/_Course Library/Models/Table_Side_Modern_B.fbx
  artifactKey: Guid(4972fc4c3bc90024795a1c8937b927fd) Importer(815301076,1909f56bfc062723c751e8b465ee728b)
Start importing Assets/_Course Library/Models/Table_Side_Modern_B.fbx using Guid(4972fc4c3bc90024795a1c8937b927fd) Importer(815301076,1909f56bfc062723c751e8b465ee728b)  -> (artifact id: 'bc42618ffcd8f122a49eac296f04c5c5') in 0.038580 seconds
Number of updated asset objects reloaded before import = 0
Number of asset objects unloaded after import = 9
========================================================================
Received Import Request.
  Time since last request: 0.750221 seconds.
  path: Assets/Challenges/01_Architecture/Prefabs/Tree_Big.prefab
  artifactKey: Guid(f461e686ffe1346c5a3b5b3f921c578b) Importer(815301076,1909f56bfc062723c751e8b465ee728b)
Start importing Assets/Challenges/01_Architecture/Prefabs/Tree_Big.prefab using Guid(f461e686ffe1346c5a3b5b3f921c578b) Importer(815301076,1909f56bfc062723c751e8b465ee728b)  -> (artifact id: '57e26b09afea70257a39e8e93dfbcadd') in 0.022679 seconds
Number of updated asset objects reloaded before import = 0
Number of asset objects unloaded after import = 22
========================================================================
Received Import Request.
  Time since last request: 0.769211 seconds.
  path: Assets/_Course Library/_Prefabs/VR/Hands/VR_Hand_Gray_Right.prefab
  artifactKey: Guid(d1791b6c42f7b4091950a90dbf80c441) Importer(815301076,1909f56bfc062723c751e8b465ee728b)
Start importing Assets/_Course Library/_Prefabs/VR/Hands/VR_Hand_Gray_Right.prefab using Guid(d1791b6c42f7b4091950a90dbf80c441) Importer(815301076,1909f56bfc062723c751e8b465ee728b)  -> (artifact id: '317788d50ecf39d0fcc73cb68c3ec8fa') in 0.012058 seconds
Number of updated asset objects reloaded before import = 0
Number of asset objects unloaded after import = 18
========================================================================
Received Import Request.
  Time since last request: 0.475404 seconds.
  path: Assets/_Course Library/_Prefabs/VR/Hands/VR_Hand_Yellow_Left.prefab
  artifactKey: Guid(8ed7c4661c5c246c3b215268ec9f5cc5) Importer(815301076,1909f56bfc062723c751e8b465ee728b)
Start importing Assets/_Course Library/_Prefabs/VR/Hands/VR_Hand_Yellow_Left.prefab using Guid(8ed7c4661c5c246c3b215268ec9f5cc5) Importer(815301076,1909f56bfc062723c751e8b465ee728b)  -> (artifact id: '4831f524de939b666c84d51aa7fb86ed') in 0.015161 seconds
Number of updated asset objects reloaded before import = 0
Number of asset objects unloaded after import = 18
Editor requested this worker to shutdown with reason: Scaling down because of idle timeout
TcpMessagingSession - receive error: operation aborted. errorcode: 995, details: Der E/A-Vorgang wurde wegen eines Threadendes oder einer Anwendungsanforderung abgebrochen.
AssetImportWorker is now disconnected from the server
Process exiting
Exiting without the bug reporter. Application will terminate with return code 0